Using pre-set license
Built from '2021.3/staging' branch; Version is '2021.3.2f1 (d6360bedb9a0) revision 14038539'; Using compiler version '192829333'; Build Type 'Release'
OS: 'Windows 10  (10.0.19044) 64bit Professional' Language: 'ko' Physical Memory: 261852 MB
BatchMode: 1, IsHumanControllingUs: 0, StartBugReporterOnCrash: 0, Is64bit: 1, IsPro: 1

COMMAND LINE ARGUMENTS:
C:\Program Files\Unity\Hub\Editor\2019.3.15f1\Editor\2021.3.2f1\Editor\Unity.exe
-adb2
-batchMode
-noUpm
-name
AssetImportWorker0
-projectPath
D:/Unity Pro/04/Second_01
-logFile
Logs/AssetImportWorker0.log
-srvPort
65124
Successfully changed project path to: D:/Unity Pro/04/Second_01
D:/Unity Pro/04/Second_01
[UnityMemory] Configuration Parameters - Can be set up in boot.config
    "memorysetup-bucket-allocator-granularity=16"
    "memorysetup-bucket-allocator-bucket-count=8"
    "memorysetup-bucket-allocator-block-size=33554432"
    "memorysetup-bucket-allocator-block-count=8"
    "memorysetup-main-allocator-block-size=16777216"
    "memorysetup-thread-allocator-block-size=16777216"
    "memorysetup-gfx-main-allocator-block-size=16777216"
    "memorysetup-gfx-thread-allocator-block-size=16777216"
    "memorysetup-cache-allocator-block-size=4194304"
    "memorysetup-typetree-allocator-block-size=2097152"
    "memorysetup-profiler-bucket-allocator-granularity=16"
    "memorysetup-profiler-bucket-allocator-bucket-count=8"
    "memorysetup-profiler-bucket-allocator-block-size=33554432"
    "memorysetup-profiler-bucket-allocator-block-count=8"
    "memorysetup-profiler-allocator-block-size=16777216"
    "memorysetup-profiler-editor-allocator-block-size=1048576"
    "memorysetup-temp-allocator-size-main=16777216"
    "memorysetup-job-temp-allocator-block-size=2097152"
    "memorysetup-job-temp-allocator-block-size-background=1048576"
    "memorysetup-job-temp-allocator-reduction-small-platforms=262144"
    "memorysetup-temp-allocator-size-background-worker=32768"
    "memorysetup-temp-allocator-size-job-worker=262144"
    "memorysetup-temp-allocator-size-preload-manager=33554432"
    "memorysetup-temp-allocator-size-nav-mesh-worker=65536"
    "memorysetup-temp-allocator-size-audio-worker=65536"
    "memorysetup-temp-allocator-size-cloud-worker=32768"
    "memorysetup-temp-allocator-size-gi-baking-worker=262144"
    "memorysetup-temp-allocator-size-gfx=262144"
Refreshing native plugins compatible for Editor in 31.26 ms, found 2 plugins.
Preloading 0 native plugins for Editor in 0.00 ms.
Initialize engine version: 2021.3.2f1 (d6360bedb9a0)
[Subsystems] Discovering subsystems at path C:/Program Files/Unity/Hub/Editor/2019.3.15f1/Editor/2021.3.2f1/Editor/Data/Resources/UnitySubsystems
[Subsystems] Discovering subsystems at path D:/Unity Pro/04/Second_01/Assets
GfxDevice: creating device client; threaded=0; jobified=0
Direct3D:
    Version:  Direct3D 11.0 [level 11.1]
    Renderer: NVIDIA GeForce RTX 2080 Ti (ID=0x1e07)
    Vendor:   NVIDIA
    VRAM:     11049 MB
    Driver:   30.0.15.1277
Initialize mono
Mono path[0] = 'C:/Program Files/Unity/Hub/Editor/2019.3.15f1/Editor/2021.3.2f1/Editor/Data/Managed'
Mono path[1] = 'C:/Program Files/Unity/Hub/Editor/2019.3.15f1/Editor/2021.3.2f1/Editor/Data/MonoBleedingEdge/lib/mono/unityjit-win32'
Mono config path = 'C:/Program Files/Unity/Hub/Editor/2019.3.15f1/Editor/2021.3.2f1/Editor/Data/MonoBleedingEdge/etc'
Using monoOptions --debugger-agent=transport=dt_socket,embedding=1,server=y,suspend=n,address=127.0.0.1:56516
Begin MonoManager ReloadAssembly
Registering precompiled unity dll's ...
Register platform support module: C:/Program Files/Unity/Hub/Editor/2019.3.15f1/Editor/2021.3.2f1/Editor/Data/PlaybackEngines/AndroidPlayer/UnityEditor.Android.Extensions.dll
Register platform support module: C:/Program Files/Unity/Hub/Editor/2019.3.15f1/Editor/2021.3.2f1/Editor/Data/PlaybackEngines/iOSSupport/UnityEditor.iOS.Extensions.dll
Register platform support module: C:/Program Files/Unity/Hub/Editor/2019.3.15f1/Editor/2021.3.2f1/Editor/Data/PlaybackEngines/WindowsStandaloneSupport/UnityEditor.WindowsStandalone.Extensions.dll
Registered in 0.008038 seconds.
Native extension for WindowsStandalone target not found
[usbmuxd] Start listen thread
[usbmuxd] Listen thread started
Native extension for iOS target not found
Native extension for Android target not found
Refreshing native plugins compatible for Editor in 29.05 ms, found 2 plugins.
Preloading 0 native plugins for Editor in 0.00 ms.
Mono: successfully reloaded assembly
- Completed reload, in  0.637 seconds
Domain Reload Profiling:
	ReloadAssembly (637ms)
		BeginReloadAssembly (66ms)
			ExecutionOrderSort (0ms)
			DisableScriptedObjects (0ms)
			BackupInstance (0ms)
			ReleaseScriptingObjects (0ms)
			CreateAndSetChildDomain (1ms)
		EndReloadAssembly (458ms)
			LoadAssemblies (65ms)
			RebuildTransferFunctionScriptingTraits (0ms)
			SetupTypeCache (113ms)
			ReleaseScriptCaches (0ms)
			RebuildScriptCaches (51ms)
			SetupLoadedEditorAssemblies (246ms)
				LogAssemblyErrors (0ms)
				InitializePlatformSupportModulesInManaged (71ms)
				SetLoadedEditorAssemblies (0ms)
				RefreshPlugins (29ms)
				BeforeProcessingInitializeOnLoad (1ms)
				ProcessInitializeOnLoadAttributes (105ms)
				ProcessInitializeOnLoadMethodAttributes (40ms)
				AfterProcessingInitializeOnLoad (0ms)
				EditorAssembliesLoaded (0ms)
			ExecutionOrderSort2 (0ms)
			AwakeInstancesAfterBackupRestoration (0ms)
Platform modules already initialized, skipping
Registering precompiled user dll's ...
Registered in 0.003433 seconds.
Begin MonoManager ReloadAssembly
Native extension for WindowsStandalone target not found
Native extension for iOS target not found
Native extension for Android target not found
Refreshing native plugins compatible for Editor in 0.55 ms, found 2 plugins.
Preloading 0 native plugins for Editor in 0.00 ms.
Mono: successfully reloaded assembly
- Completed reload, in  1.060 seconds
Domain Reload Profiling:
	ReloadAssembly (1062ms)
		BeginReloadAssembly (251ms)
			ExecutionOrderSort (0ms)
			DisableScriptedObjects (10ms)
			BackupInstance (0ms)
			ReleaseScriptingObjects (0ms)
			CreateAndSetChildDomain (150ms)
		EndReloadAssembly (670ms)
			LoadAssemblies (74ms)
			RebuildTransferFunctionScriptingTraits (0ms)
			SetupTypeCache (192ms)
			ReleaseScriptCaches (1ms)
			RebuildScriptCaches (55ms)
			SetupLoadedEditorAssemblies (321ms)
				LogAssemblyErrors (0ms)
				InitializePlatformSupportModulesInManaged (22ms)
				SetLoadedEditorAssemblies (0ms)
				RefreshPlugins (1ms)
				BeforeProcessingInitializeOnLoad (55ms)
				ProcessInitializeOnLoadAttributes (202ms)
				ProcessInitializeOnLoadMethodAttributes (35ms)
				AfterProcessingInitializeOnLoad (6ms)
				EditorAssembliesLoaded (0ms)
			ExecutionOrderSort2 (0ms)
			AwakeInstancesAfterBackupRestoration (5ms)
Platform modules already initialized, skipping
========================================================================
Worker process is ready to serve import requests
Launched and connected shader compiler UnityShaderCompiler.exe after 0.08 seconds
Refreshing native plugins compatible for Editor in 0.59 ms, found 2 plugins.
Preloading 0 native plugins for Editor in 0.00 ms.
Unloading 1713 Unused Serialized files (Serialized files now loaded: 0)
Unloading 19 unused Assets / (48.1 KB). Loaded Objects now: 2188.
Memory consumption went from 81.3 MB to 81.2 MB.
Total: 3.738100 ms (FindLiveObjects: 0.275200 ms CreateObjectMapping: 0.063200 ms MarkObjects: 3.221000 ms  DeleteObjects: 0.177400 ms)

AssetImportParameters requested are different than current active one (requested -> active):
  custom:video-decoder-ogg-theora: a1e56fd34408186e4bbccfd4996cb3dc -> 
  custom:container-muxer-webm: aa71ff27fc2769a1b78a27578f13a17b -> 
  custom:container-demuxer-webm: 4f35f7cbe854078d1ac9338744f61a02 -> 
  custom:video-encoder-webm-vp8: eb34c28f22e8b96e1ab97ce403110664 -> 
  custom:video-codec-MediaFoundation-h265: 746d11721c4dcdbdad8f713fa42b33f4 -> 
  custom:audio-encoder-webm-vorbis: bf7c407c2cedff20999df2af8eb42d56 -> 
  custom:framework-win-MediaFoundation: 216162199b28c13a410421893ffa2e32 -> 
  custom:container-demuxer-ogg: 62fdf1f143b41e24485cea50d1cbac27 -> 
  custom:video-decoder-webm-vp8: 9c59270c3fd7afecdb556c50c9e8de78 -> 
  custom:audio-decoder-ogg-vorbis: bf7c407c2cedff20999df2af8eb42d56 -> 
========================================================================
Received Import Request.
  Time since last request: 117605.229686 seconds.
  path: Assets/Prefab/jerricna.fbx
  artifactKey: Guid(043ff9dec667c4d4db91c3b831bee77e) Importer(815301076,1909f56bfc062723c751e8b465ee728b)
Start importing Assets/Prefab/jerricna.fbx using Guid(043ff9dec667c4d4db91c3b831bee77e) Importer(815301076,1909f56bfc062723c751e8b465ee728b)  -> (artifact id: '6f8968a004b8de8802b443348fb6ff1c') in 0.238961 seconds 
========================================================================
Received Import Request.
  Time since last request: 51.943634 seconds.
  path: Assets/Prefab/jerricna.prefab
  artifactKey: Guid(dd032d6a64bf4b34d8bc086be04d467e) Importer(815301076,1909f56bfc062723c751e8b465ee728b)
Start importing Assets/Prefab/jerricna.prefab using Guid(dd032d6a64bf4b34d8bc086be04d467e) Importer(815301076,1909f56bfc062723c751e8b465ee728b)  -> (artifact id: '11e77a2a39483396bdb74c8b6b3cf9f3') in 0.018954 seconds 
========================================================================
Received Import Request.
  Time since last request: 381.717579 seconds.
  path: Assets/Laser Weapons Sound Pack/Free/continuous_beam_2.wav
  artifactKey: Guid(2ce0c987f044d984cbfb30a5161557e4) Importer(815301076,1909f56bfc062723c751e8b465ee728b)
Start importing Assets/Laser Weapons Sound Pack/Free/continuous_beam_2.wav using Guid(2ce0c987f044d984cbfb30a5161557e4) Importer(815301076,1909f56bfc062723c751e8b465ee728b)  -> (artifact id: '24a80074c4cbfe3355394f59157566f9') in 0.100987 seconds 
========================================================================
Received Import Request.
  Time since last request: 0.567227 seconds.
  path: Assets/Laser Weapons Sound Pack/Free/heavy_blast_001.wav
  artifactKey: Guid(18d6a007b013c9d4ebf7f7c44e1e5f06) Importer(815301076,1909f56bfc062723c751e8b465ee728b)
Start importing Assets/Laser Weapons Sound Pack/Free/heavy_blast_001.wav using Guid(18d6a007b013c9d4ebf7f7c44e1e5f06) Importer(815301076,1909f56bfc062723c751e8b465ee728b)  -> (artifact id: '7b0724cd0e4fde8a35a95f8cc5c55eb3') in 0.015493 seconds 
========================================================================
Received Import Request.
  Time since last request: 3.300946 seconds.
  path: Assets/Laser Weapons Sound Pack/Free/continuous_beam_1.wav
  artifactKey: Guid(a9e3fee688cf000499bded40dd54ff48) Importer(815301076,1909f56bfc062723c751e8b465ee728b)
Start importing Assets/Laser Weapons Sound Pack/Free/continuous_beam_1.wav using Guid(a9e3fee688cf000499bded40dd54ff48) Importer(815301076,1909f56bfc062723c751e8b465ee728b)  -> (artifact id: '33f75134fe6e935ac1f8e1617f6f04c8') in 0.018183 seconds 
========================================================================
Received Import Request.
  Time since last request: 4.920259 seconds.
  path: Assets/Laser Weapons Sound Pack/Free/continuous_beam_3.wav
  artifactKey: Guid(1c807b6ba8fb9544d9c02bf47d9ce979) Importer(815301076,1909f56bfc062723c751e8b465ee728b)
Start importing Assets/Laser Weapons Sound Pack/Free/continuous_beam_3.wav using Guid(1c807b6ba8fb9544d9c02bf47d9ce979) Importer(815301076,1909f56bfc062723c751e8b465ee728b)  -> (artifact id: '12d403839a163e26d8d73f54c22354e9') in 0.017819 seconds 
========================================================================
Received Import Request.
  Time since last request: 1.944984 seconds.
  path: Assets/Laser Weapons Sound Pack/Free/light_blast_1.wav
  artifactKey: Guid(5ff5bd936a30a904da907f35c8dd382e) Importer(815301076,1909f56bfc062723c751e8b465ee728b)
Start importing Assets/Laser Weapons Sound Pack/Free/light_blast_1.wav using Guid(5ff5bd936a30a904da907f35c8dd382e) Importer(815301076,1909f56bfc062723c751e8b465ee728b)  -> (artifact id: '23b6faf7ab0a384163cfc6e178cc1d6e') in 0.021829 seconds 
========================================================================
Received Import Request.
  Time since last request: 2.921860 seconds.
  path: Assets/Laser Weapons Sound Pack/Free/light_blast_3.wav
  artifactKey: Guid(e0894d72d41ebbe49b525ac71176337b) Importer(815301076,1909f56bfc062723c751e8b465ee728b)
Start importing Assets/Laser Weapons Sound Pack/Free/light_blast_3.wav using Guid(e0894d72d41ebbe49b525ac71176337b) Importer(815301076,1909f56bfc062723c751e8b465ee728b)  -> (artifact id: '5a991529a461e4f377e0e754181a608e') in 0.012816 seconds 
========================================================================
Received Import Request.
  Time since last request: 1.429226 seconds.
  path: Assets/Laser Weapons Sound Pack/Free/light_blast_2.wav
  artifactKey: Guid(8154f5e18ea48164e9cb0132012cf432) Importer(815301076,1909f56bfc062723c751e8b465ee728b)
Start importing Assets/Laser Weapons Sound Pack/Free/light_blast_2.wav using Guid(8154f5e18ea48164e9cb0132012cf432) Importer(815301076,1909f56bfc062723c751e8b465ee728b)  -> (artifact id: 'dab7a973207fb092c3e75c5645f03f6d') in 0.012247 seconds 
========================================================================
Received Import Request.
  Time since last request: 3.798608 seconds.
  path: Assets/Laser Weapons Sound Pack/Free/light_blast_4.wav
  artifactKey: Guid(5dbc74a65da58144aa0a20190bcd4909) Importer(815301076,1909f56bfc062723c751e8b465ee728b)
Start importing Assets/Laser Weapons Sound Pack/Free/light_blast_4.wav using Guid(5dbc74a65da58144aa0a20190bcd4909) Importer(815301076,1909f56bfc062723c751e8b465ee728b)  -> (artifact id: '5ae506ac7063111c59ab19d5b994c9e8') in 0.012092 seconds 
========================================================================
Received Import Request.
  Time since last request: 1.467317 seconds.
  path: Assets/Laser Weapons Sound Pack/Free/light_blast_6.wav
  artifactKey: Guid(60a0682fbc82bd244bdae3f3445cfd17) Importer(815301076,1909f56bfc062723c751e8b465ee728b)
Start importing Assets/Laser Weapons Sound Pack/Free/light_blast_6.wav using Guid(60a0682fbc82bd244bdae3f3445cfd17) Importer(815301076,1909f56bfc062723c751e8b465ee728b)  -> (artifact id: '0a8bb0f6b07e7d8f117f40ad0de7ae41') in 0.012165 seconds 
========================================================================
Received Import Request.
  Time since last request: 0.314450 seconds.
  path: Assets/Laser Weapons Sound Pack/Free/light_blast_5.wav
  artifactKey: Guid(de812cfb519929c4aad9d296f655c81d) Importer(815301076,1909f56bfc062723c751e8b465ee728b)
Start importing Assets/Laser Weapons Sound Pack/Free/light_blast_5.wav using Guid(de812cfb519929c4aad9d296f655c81d) Importer(815301076,1909f56bfc062723c751e8b465ee728b)  -> (artifact id: '94539e2a4d01651541bf1763649bff13') in 0.012062 seconds 
========================================================================
Received Import Request.
  Time since last request: 3.958580 seconds.
  path: Assets/Laser Weapons Sound Pack/Free/light_blast_7.wav
  artifactKey: Guid(e3298e35eed19c942b6f4d2d41cd21ba) Importer(815301076,1909f56bfc062723c751e8b465ee728b)
Start importing Assets/Laser Weapons Sound Pack/Free/light_blast_7.wav using Guid(e3298e35eed19c942b6f4d2d41cd21ba) Importer(815301076,1909f56bfc062723c751e8b465ee728b)  -> (artifact id: 'd42946a5b95776d079761a8f85fc477c') in 0.012256 seconds 
========================================================================
Received Import Request.
  Time since last request: 1.701075 seconds.
  path: Assets/Laser Weapons Sound Pack/Free/light_blast_8.wav
  artifactKey: Guid(b02661b1983843f4a8e25854215c13f1) Importer(815301076,1909f56bfc062723c751e8b465ee728b)
Start importing Assets/Laser Weapons Sound Pack/Free/light_blast_8.wav using Guid(b02661b1983843f4a8e25854215c13f1) Importer(815301076,1909f56bfc062723c751e8b465ee728b)  -> (artifact id: '04a8ca19f7f9a2e092fcbf639214962a') in 0.011866 seconds 
========================================================================
Received Import Request.
  Time since last request: 1.737956 seconds.
  path: Assets/Laser Weapons Sound Pack/Free/light_blast_9.wav
  artifactKey: Guid(ba5b9da8b3b9af742abfa0fd399e1a0f) Importer(815301076,1909f56bfc062723c751e8b465ee728b)
Start importing Assets/Laser Weapons Sound Pack/Free/light_blast_9.wav using Guid(ba5b9da8b3b9af742abfa0fd399e1a0f) Importer(815301076,1909f56bfc062723c751e8b465ee728b)  -> (artifact id: 'a05acd48f791e2f4b5e400183a7d3977') in 0.014299 seconds 
========================================================================
Received Import Request.
  Time since last request: 1.761532 seconds.
  path: Assets/Laser Weapons Sound Pack/Free/light_blast_11.wav
  artifactKey: Guid(e70eb034c8ae4fe42b00d809716998e4) Importer(815301076,1909f56bfc062723c751e8b465ee728b)
Start importing Assets/Laser Weapons Sound Pack/Free/light_blast_11.wav using Guid(e70eb034c8ae4fe42b00d809716998e4) Importer(815301076,1909f56bfc062723c751e8b465ee728b)  -> (artifact id: '98ea407dfbcd780ba5d46a3dfb570358') in 0.015653 seconds 
========================================================================
Received Import Request.
  Time since last request: 0.810561 seconds.
  path: Assets/Laser Weapons Sound Pack/Free/light_blast_10.wav
  artifactKey: Guid(0c4f452a658af404d9e375bd5ee7bd63) Importer(815301076,1909f56bfc062723c751e8b465ee728b)
Start importing Assets/Laser Weapons Sound Pack/Free/light_blast_10.wav using Guid(0c4f452a658af404d9e375bd5ee7bd63) Importer(815301076,1909f56bfc062723c751e8b465ee728b)  -> (artifact id: '1dc7cb1446aaa93b0a79f769b5e8efd2') in 0.013084 seconds 
========================================================================
Received Prepare
Registering precompiled user dll's ...
Registered in 0.001959 seconds.
Begin MonoManager ReloadAssembly
Native extension for WindowsStandalone target not found
Native extension for iOS target not found
Native extension for Android target not found
Refreshing native plugins compatible for Editor in 1.00 ms, found 2 plugins.
Preloading 0 native plugins for Editor in 0.00 ms.
Mono: successfully reloaded assembly
- Completed reload, in  0.941 seconds
Domain Reload Profiling:
	ReloadAssembly (941ms)
		BeginReloadAssembly (140ms)
			ExecutionOrderSort (0ms)
			DisableScriptedObjects (4ms)
			BackupInstance (0ms)
			ReleaseScriptingObjects (0ms)
			CreateAndSetChildDomain (48ms)
		EndReloadAssembly (711ms)
			LoadAssemblies (72ms)
			RebuildTransferFunctionScriptingTraits (0ms)
			SetupTypeCache (180ms)
			ReleaseScriptCaches (2ms)
			RebuildScriptCaches (47ms)
			SetupLoadedEditorAssemblies (341ms)
				LogAssemblyErrors (0ms)
				InitializePlatformSupportModulesInManaged (29ms)
				SetLoadedEditorAssemblies (3ms)
				RefreshPlugins (1ms)
				BeforeProcessingInitializeOnLoad (48ms)
				ProcessInitializeOnLoadAttributes (222ms)
				ProcessInitializeOnLoadMethodAttributes (31ms)
				AfterProcessingInitializeOnLoad (6ms)
				EditorAssembliesLoaded (0ms)
			ExecutionOrderSort2 (0ms)
			AwakeInstancesAfterBackupRestoration (6ms)
Platform modules already initialized, skipping
Refreshing native plugins compatible for Editor in 1.11 ms, found 2 plugins.
Preloading 0 native plugins for Editor in 0.00 ms.
Unloading 1693 Unused Serialized files (Serialized files now loaded: 0)
Unloading 12 unused Assets / (24.6 KB). Loaded Objects now: 2235.
Memory consumption went from 84.0 MB to 84.0 MB.
Total: 4.388200 ms (FindLiveObjects: 0.351000 ms CreateObjectMapping: 0.272800 ms MarkObjects: 3.729000 ms  DeleteObjects: 0.033700 ms)

AssetImportParameters requested are different than current active one (requested -> active):
  custom:video-decoder-ogg-theora: a1e56fd34408186e4bbccfd4996cb3dc -> 
  custom:container-muxer-webm: aa71ff27fc2769a1b78a27578f13a17b -> 
  custom:container-demuxer-webm: 4f35f7cbe854078d1ac9338744f61a02 -> 
  custom:video-encoder-webm-vp8: eb34c28f22e8b96e1ab97ce403110664 -> 
  custom:video-codec-MediaFoundation-h265: 746d11721c4dcdbdad8f713fa42b33f4 -> 
  custom:audio-encoder-webm-vorbis: bf7c407c2cedff20999df2af8eb42d56 -> 
  custom:framework-win-MediaFoundation: 216162199b28c13a410421893ffa2e32 -> 
  custom:container-demuxer-ogg: 62fdf1f143b41e24485cea50d1cbac27 -> 
  custom:video-decoder-webm-vp8: 9c59270c3fd7afecdb556c50c9e8de78 -> 
  custom:audio-decoder-ogg-vorbis: bf7c407c2cedff20999df2af8eb42d56 -> 
========================================================================
Received Import Request.
  Time since last request: 1163.584838 seconds.
  path: Assets/Grenade Sound FX/Grenade
  artifactKey: Guid(33be40dd9a3573f4f8898e92e4daa835) Importer(815301076,1909f56bfc062723c751e8b465ee728b)
Start importing Assets/Grenade Sound FX/Grenade using Guid(33be40dd9a3573f4f8898e92e4daa835) Importer(815301076,1909f56bfc062723c751e8b465ee728b)  -> (artifact id: '607559948e68e12095e6c8eef84006c5') in 0.013001 seconds 
========================================================================
Received Import Request.
  Time since last request: 0.989315 seconds.
  path: Assets/Grenade Sound FX/Different sounds
  artifactKey: Guid(5045ecce6802b7c43809b667c4f20c0d) Importer(815301076,1909f56bfc062723c751e8b465ee728b)
Start importing Assets/Grenade Sound FX/Different sounds using Guid(5045ecce6802b7c43809b667c4f20c0d) Importer(815301076,1909f56bfc062723c751e8b465ee728b)  -> (artifact id: 'd6a39c034bd598ee5c126bb1f72fc33d') in 0.007234 seconds 
========================================================================
Received Import Request.
  Time since last request: 0.973770 seconds.
  path: Assets/Grenade Sound FX/Different sounds/Impact Grenade.wav
  artifactKey: Guid(419336aa8912ae0468e104596863a0a1) Importer(815301076,1909f56bfc062723c751e8b465ee728b)
Start importing Assets/Grenade Sound FX/Different sounds/Impact Grenade.wav using Guid(419336aa8912ae0468e104596863a0a1) Importer(815301076,1909f56bfc062723c751e8b465ee728b)  -> (artifact id: '60989cac0f5230973c4ec03b650c91a4') in 0.067967 seconds 
========================================================================
Received Import Request.
  Time since last request: 3.566473 seconds.
  path: Assets/Grenade Sound FX/Different sounds/Impact on Dirt.wav
  artifactKey: Guid(fa16bd6cbe8bcba40ad0f5c9644c9607) Importer(815301076,1909f56bfc062723c751e8b465ee728b)
Start importing Assets/Grenade Sound FX/Different sounds/Impact on Dirt.wav using Guid(fa16bd6cbe8bcba40ad0f5c9644c9607) Importer(815301076,1909f56bfc062723c751e8b465ee728b)  -> (artifact id: '5615cf4dc25ce4f7ffba4c9938c36a60') in 0.013549 seconds 
========================================================================
Received Import Request.
  Time since last request: 0.544136 seconds.
  path: Assets/Grenade Sound FX/Different sounds/Impact on Glass.wav
  artifactKey: Guid(7159759be8bab914bbe48609de62f01c) Importer(815301076,1909f56bfc062723c751e8b465ee728b)
Start importing Assets/Grenade Sound FX/Different sounds/Impact on Glass.wav using Guid(7159759be8bab914bbe48609de62f01c) Importer(815301076,1909f56bfc062723c751e8b465ee728b)  -> (artifact id: 'd2f3b29ac0fa6f4ed54a6c2644193b50') in 0.020820 seconds 
========================================================================
Received Import Request.
  Time since last request: 0.324494 seconds.
  path: Assets/Grenade Sound FX/Different sounds/Impact on Metal.wav
  artifactKey: Guid(738e3bff6c9edfe409dcb5b68d82d66a) Importer(815301076,1909f56bfc062723c751e8b465ee728b)
Start importing Assets/Grenade Sound FX/Different sounds/Impact on Metal.wav using Guid(738e3bff6c9edfe409dcb5b68d82d66a) Importer(815301076,1909f56bfc062723c751e8b465ee728b)  -> (artifact id: 'abd2821a6f74e38d23df72909864dc3e') in 0.017081 seconds 
========================================================================
Received Import Request.
  Time since last request: 0.761972 seconds.
  path: Assets/Grenade Sound FX/Different sounds/Impact on Wood.wav
  artifactKey: Guid(82ef6eaed5d940240a305b0266087f97) Importer(815301076,1909f56bfc062723c751e8b465ee728b)
Start importing Assets/Grenade Sound FX/Different sounds/Impact on Wood.wav using Guid(82ef6eaed5d940240a305b0266087f97) Importer(815301076,1909f56bfc062723c751e8b465ee728b)  -> (artifact id: 'ffd5f580af77173635cd310898a025a0') in 0.016803 seconds 
========================================================================
Received Import Request.
  Time since last request: 0.338606 seconds.
  path: Assets/Grenade Sound FX/Different sounds/Throw4.wav
  artifactKey: Guid(ada4319dc7b507547bfefbeda133745b) Importer(815301076,1909f56bfc062723c751e8b465ee728b)
Start importing Assets/Grenade Sound FX/Different sounds/Throw4.wav using Guid(ada4319dc7b507547bfefbeda133745b) Importer(815301076,1909f56bfc062723c751e8b465ee728b)  -> (artifact id: 'a088075d22b94cb551890e7c4c038524') in 0.017095 seconds 
========================================================================
Received Import Request.
  Time since last request: 0.476801 seconds.
  path: Assets/Grenade Sound FX/Different sounds/Throw7.wav
  artifactKey: Guid(79f48574cbf0be842b5c7133147f3f9f) Importer(815301076,1909f56bfc062723c751e8b465ee728b)
Start importing Assets/Grenade Sound FX/Different sounds/Throw7.wav using Guid(79f48574cbf0be842b5c7133147f3f9f) Importer(815301076,1909f56bfc062723c751e8b465ee728b)  -> (artifact id: '11b15866399f1a9f8752087755fed268') in 0.014148 seconds 
========================================================================
Received Import Request.
  Time since last request: 0.409043 seconds.
  path: Assets/Grenade Sound FX/Different sounds/Throw9.wav
  artifactKey: Guid(63b52e0320e1cd54788f1e7495d101c1) Importer(815301076,1909f56bfc062723c751e8b465ee728b)
Start importing Assets/Grenade Sound FX/Different sounds/Throw9.wav using Guid(63b52e0320e1cd54788f1e7495d101c1) Importer(815301076,1909f56bfc062723c751e8b465ee728b)  -> (artifact id: '78e1f6806a81d8531fcec6f08cf82b61') in 0.015514 seconds 
========================================================================
Received Import Request.
  Time since last request: 1.733489 seconds.
  path: Assets/Grenade Sound FX/Grenade/Grenade2Short.wav
  artifactKey: Guid(fc96116dc3c141440aabb5605744fea2) Importer(815301076,1909f56bfc062723c751e8b465ee728b)
Start importing Assets/Grenade Sound FX/Grenade/Grenade2Short.wav using Guid(fc96116dc3c141440aabb5605744fea2) Importer(815301076,1909f56bfc062723c751e8b465ee728b)  -> (artifact id: 'e4748c643dc44b86aa2ab1a5227811ed') in 0.014984 seconds 
========================================================================
Received Import Request.
  Time since last request: 0.936328 seconds.
  path: Assets/Grenade Sound FX/Grenade/Grenade1Short.wav
  artifactKey: Guid(8524588a69a4f3e40bb597b6221138f1) Importer(815301076,1909f56bfc062723c751e8b465ee728b)
Start importing Assets/Grenade Sound FX/Grenade/Grenade1Short.wav using Guid(8524588a69a4f3e40bb597b6221138f1) Importer(815301076,1909f56bfc062723c751e8b465ee728b)  -> (artifact id: 'b1d6353ee2b87cc34a11dfda6ba030e4') in 0.020203 seconds 
========================================================================
Received Import Request.
  Time since last request: 3.350250 seconds.
  path: Assets/Grenade Sound FX/Grenade/Grenade1.wav
  artifactKey: Guid(620dad4bb8e4b98429963b3bbe39c191) Importer(815301076,1909f56bfc062723c751e8b465ee728b)
Start importing Assets/Grenade Sound FX/Grenade/Grenade1.wav using Guid(620dad4bb8e4b98429963b3bbe39c191) Importer(815301076,1909f56bfc062723c751e8b465ee728b)  -> (artifact id: 'dc9f004033d1ed126798dd3144ebe21d') in 0.016963 seconds 
========================================================================
Received Import Request.
  Time since last request: 3.450975 seconds.
  path: Assets/Grenade Sound FX/Grenade/Grenade3Short.wav
  artifactKey: Guid(c401d00c96b512e488d2e3bf5d111509) Importer(815301076,1909f56bfc062723c751e8b465ee728b)
Start importing Assets/Grenade Sound FX/Grenade/Grenade3Short.wav using Guid(c401d00c96b512e488d2e3bf5d111509) Importer(815301076,1909f56bfc062723c751e8b465ee728b)  -> (artifact id: '798ae0e8d42dac04b26f4a9baaaa562c') in 0.014582 seconds 
========================================================================
Received Import Request.
  Time since last request: 2.586339 seconds.
  path: Assets/Grenade Sound FX/Grenade/Grenade5.wav
  artifactKey: Guid(111ff2bd39332f44d89d14a3be9e6e8d) Importer(815301076,1909f56bfc062723c751e8b465ee728b)
Start importing Assets/Grenade Sound FX/Grenade/Grenade5.wav using Guid(111ff2bd39332f44d89d14a3be9e6e8d) Importer(815301076,1909f56bfc062723c751e8b465ee728b)  -> (artifact id: '3d15efb4f31519fe57f5c64f97a8df62') in 0.013340 seconds 
========================================================================
Received Import Request.
  Time since last request: 1.384799 seconds.
  path: Assets/Grenade Sound FX/Grenade/Grenade4Short.wav
  artifactKey: Guid(c2153dcd0edd22f40bdebf613271bae7) Importer(815301076,1909f56bfc062723c751e8b465ee728b)
Start importing Assets/Grenade Sound FX/Grenade/Grenade4Short.wav using Guid(c2153dcd0edd22f40bdebf613271bae7) Importer(815301076,1909f56bfc062723c751e8b465ee728b)  -> (artifact id: '83d1b1d9db367df7839f8a74a1d7c9f0') in 0.023078 seconds 
========================================================================
Received Import Request.
  Time since last request: 3.210353 seconds.
  path: Assets/Grenade Sound FX/Grenade/Grenade5Short.wav
  artifactKey: Guid(8b3f676fe7b41044495a2964396b8ba3) Importer(815301076,1909f56bfc062723c751e8b465ee728b)
Start importing Assets/Grenade Sound FX/Grenade/Grenade5Short.wav using Guid(8b3f676fe7b41044495a2964396b8ba3) Importer(815301076,1909f56bfc062723c751e8b465ee728b)  -> (artifact id: 'b16a0a8ba805d027681c1563fc75a217') in 0.014909 seconds 
========================================================================
Received Import Request.
  Time since last request: 2.513137 seconds.
  path: Assets/Grenade Sound FX/Grenade/Grenade6Short.wav
  artifactKey: Guid(f01c623f724825e44a923d1ae50256f2) Importer(815301076,1909f56bfc062723c751e8b465ee728b)
Start importing Assets/Grenade Sound FX/Grenade/Grenade6Short.wav using Guid(f01c623f724825e44a923d1ae50256f2) Importer(815301076,1909f56bfc062723c751e8b465ee728b)  -> (artifact id: '47a437996149274de3a828efd1f7cc6a') in 0.015843 seconds 
========================================================================
Received Import Request.
  Time since last request: 2.161265 seconds.
  path: Assets/Grenade Sound FX/Grenade/Grenade7Short.wav
  artifactKey: Guid(fd706038486fee041947a774223dc22e) Importer(815301076,1909f56bfc062723c751e8b465ee728b)
Start importing Assets/Grenade Sound FX/Grenade/Grenade7Short.wav using Guid(fd706038486fee041947a774223dc22e) Importer(815301076,1909f56bfc062723c751e8b465ee728b)  -> (artifact id: '178d4be013d77562086fccab01e11117') in 0.017100 seconds 
========================================================================
Received Prepare
Registering precompiled user dll's ...
Registered in 0.001451 seconds.
Begin MonoManager ReloadAssembly
Native extension for WindowsStandalone target not found
Native extension for iOS target not found
Native extension for Android target not found
Refreshing native plugins compatible for Editor in 0.57 ms, found 2 plugins.
Preloading 0 native plugins for Editor in 0.00 ms.
Mono: successfully reloaded assembly
- Completed reload, in  0.876 seconds
Domain Reload Profiling:
	ReloadAssembly (877ms)
		BeginReloadAssembly (162ms)
			ExecutionOrderSort (0ms)
			DisableScriptedObjects (5ms)
			BackupInstance (0ms)
			ReleaseScriptingObjects (0ms)
			CreateAndSetChildDomain (58ms)
		EndReloadAssembly (623ms)
			LoadAssemblies (61ms)
			RebuildTransferFunctionScriptingTraits (0ms)
			SetupTypeCache (179ms)
			ReleaseScriptCaches (1ms)
			RebuildScriptCaches (35ms)
			SetupLoadedEditorAssemblies (305ms)
				LogAssemblyErrors (0ms)
				InitializePlatformSupportModulesInManaged (28ms)
				SetLoadedEditorAssemblies (0ms)
				RefreshPlugins (1ms)
				BeforeProcessingInitializeOnLoad (39ms)
				ProcessInitializeOnLoadAttributes (200ms)
				ProcessInitializeOnLoadMethodAttributes (30ms)
				AfterProcessingInitializeOnLoad (6ms)
				EditorAssembliesLoaded (0ms)
			ExecutionOrderSort2 (0ms)
			AwakeInstancesAfterBackupRestoration (5ms)
Platform modules already initialized, skipping
Refreshing native plugins compatible for Editor in 1.37 ms, found 2 plugins.
Preloading 0 native plugins for Editor in 0.00 ms.
Unloading 1693 Unused Serialized files (Serialized files now loaded: 0)
Unloading 12 unused Assets / (24.6 KB). Loaded Objects now: 2238.
Memory consumption went from 84.0 MB to 84.0 MB.
Total: 3.934200 ms (FindLiveObjects: 0.287600 ms CreateObjectMapping: 0.060000 ms MarkObjects: 3.567900 ms  DeleteObjects: 0.018000 ms)

AssetImportParameters requested are different than current active one (requested -> active):
  custom:video-decoder-ogg-theora: a1e56fd34408186e4bbccfd4996cb3dc -> 
  custom:container-muxer-webm: aa71ff27fc2769a1b78a27578f13a17b -> 
  custom:container-demuxer-webm: 4f35f7cbe854078d1ac9338744f61a02 -> 
  custom:video-encoder-webm-vp8: eb34c28f22e8b96e1ab97ce403110664 -> 
  custom:video-codec-MediaFoundation-h265: 746d11721c4dcdbdad8f713fa42b33f4 -> 
  custom:audio-encoder-webm-vorbis: bf7c407c2cedff20999df2af8eb42d56 -> 
  custom:framework-win-MediaFoundation: 216162199b28c13a410421893ffa2e32 -> 
  custom:container-demuxer-ogg: 62fdf1f143b41e24485cea50d1cbac27 -> 
  custom:video-decoder-webm-vp8: 9c59270c3fd7afecdb556c50c9e8de78 -> 
  custom:audio-decoder-ogg-vorbis: bf7c407c2cedff20999df2af8eb42d56 -> 
